<?xml version="1.0" encoding="UTF-8"?>
<!-- Generated by org.testng.reporters.JUnitXMLReporter -->
<testsuite ignored="0" hostname="DESKTOP-G16OFC0" failures="0" tests="3" name="Test" time="40.94" errors="0" timestamp="27 Apr 2019 22:59:38 GMT">
  <testcase classname="testcases.HomePageLandingTest" name="loginPageNavigation" time="0.016"/>
  <testcase classname="testcases.LoginPageLandingTest" name="loginPageNavigation" time="8.163"/>
  <testcase classname="testcases.LoginPageLandingTest" name="loginPageNavigation" time="8.184"/>
</testsuite> <!-- Test -->
