<?xml version="1.0" encoding="UTF-8"?>
<testng-results ignored="0" total="1" passed="1" failed="0" skipped="0">
  <reporter-output>
  </reporter-output>
  <suite started-at="2019-04-09T01:39:44Z" name="Default suite" finished-at="2019-04-09T01:39:57Z" duration-ms="13707">
    <groups>
    </groups>
    <test started-at="2019-04-09T01:39:44Z" name="Default test" finished-at="2019-04-09T01:39:57Z" duration-ms="13707">
      <class name="testcases.LoginTestFactory">
        <test-method signature="login()[pri:0, instance:testcases.LoginTestFactory@bcec361]" started-at="2019-04-09T01:39:44Z" name="login" finished-at="2019-04-09T01:39:57Z" duration-ms="13688" status="PASS">
          <reporter-output>
          </reporter-output>
        </test-method> <!-- login -->
      </class> <!-- testcases.LoginTestFactory -->
    </test> <!-- Default test -->
  </suite> <!-- Default suite -->
</testng-results>
