<?xml version="1.0" encoding="UTF-8"?>
<testng-results ignored="0" total="3" passed="3" failed="0" skipped="0">
  <reporter-output>
  </reporter-output>
  <suite started-at="2019-04-27T22:58:57Z" name="Suite" finished-at="2019-04-27T22:59:38Z" duration-ms="40940">
    <groups>
    </groups>
    <test started-at="2019-04-27T22:58:57Z" name="Test" finished-at="2019-04-27T22:59:38Z" duration-ms="40940">
      <class name="testcases.LoginPageLandingTest">
        <test-method is-config="true" signature="initializeBrowser()[pri:0, instance:testcases.LoginPageLandingTest@71e9ddb4]" started-at="2019-04-27T22:59:06Z" name="initializeBrowser" finished-at="2019-04-27T22:59:13Z" duration-ms="7291" status="PASS">
          <reporter-output>
          </reporter-output>
        </test-method> <!-- initializeBrowser -->
        <test-method signature="loginPageNavigation(java.lang.String, java.lang.String)[pri:0, instance:testcases.LoginPageLandingTest@71e9ddb4]" started-at="2019-04-27T22:59:13Z" name="loginPageNavigation" data-provider="getData" finished-at="2019-04-27T22:59:21Z" duration-ms="8163" status="PASS">
          <params>
            <param index="0">
              <value>
                <![CDATA[abc@gmail.com]]>
              </value>
            </param>
            <param index="1">
              <value>
                <![CDATA[passwordabc]]>
              </value>
            </param>
          </params>
          <reporter-output>
          </reporter-output>
        </test-method> <!-- loginPageNavigation -->
        <test-method is-config="true" signature="tearDown()[pri:0, instance:testcases.LoginPageLandingTest@71e9ddb4]" started-at="2019-04-27T22:59:21Z" name="tearDown" finished-at="2019-04-27T22:59:22Z" duration-ms="730" status="PASS">
          <reporter-output>
          </reporter-output>
        </test-method> <!-- tearDown -->
        <test-method is-config="true" signature="initializeBrowser()[pri:0, instance:testcases.LoginPageLandingTest@71e9ddb4]" started-at="2019-04-27T22:59:22Z" name="initializeBrowser" finished-at="2019-04-27T22:59:29Z" duration-ms="7011" status="PASS">
          <reporter-output>
          </reporter-output>
        </test-method> <!-- initializeBrowser -->
        <test-method signature="loginPageNavigation(java.lang.String, java.lang.String)[pri:0, instance:testcases.LoginPageLandingTest@71e9ddb4]" started-at="2019-04-27T22:59:29Z" name="loginPageNavigation" data-provider="getData" finished-at="2019-04-27T22:59:37Z" duration-ms="8184" status="PASS">
          <params>
            <param index="0">
              <value>
                <![CDATA[123@gmail.com]]>
              </value>
            </param>
            <param index="1">
              <value>
                <![CDATA[password123]]>
              </value>
            </param>
          </params>
          <reporter-output>
          </reporter-output>
        </test-method> <!-- loginPageNavigation -->
        <test-method is-config="true" signature="tearDown()[pri:0, instance:testcases.LoginPageLandingTest@71e9ddb4]" started-at="2019-04-27T22:59:37Z" name="tearDown" finished-at="2019-04-27T22:59:38Z" duration-ms="646" status="PASS">
          <reporter-output>
          </reporter-output>
        </test-method> <!-- tearDown -->
      </class> <!-- testcases.LoginPageLandingTest -->
      <class name="testcases.HomePageLandingTest">
        <test-method is-config="true" signature="initializeBrowser()[pri:0, instance:testcases.HomePageLandingTest@58a9760d]" started-at="2019-04-27T22:58:57Z" name="initializeBrowser" finished-at="2019-04-27T22:59:05Z" duration-ms="8205" status="PASS">
          <reporter-output>
          </reporter-output>
        </test-method> <!-- initializeBrowser -->
        <test-method signature="loginPageNavigation()[pri:0, instance:testcases.HomePageLandingTest@58a9760d]" started-at="2019-04-27T22:59:05Z" name="loginPageNavigation" finished-at="2019-04-27T22:59:05Z" duration-ms="16" status="PASS">
          <reporter-output>
          </reporter-output>
        </test-method> <!-- loginPageNavigation -->
        <test-method is-config="true" signature="tearDown()[pri:0, instance:testcases.HomePageLandingTest@58a9760d]" started-at="2019-04-27T22:59:05Z" name="tearDown" finished-at="2019-04-27T22:59:06Z" duration-ms="667" status="PASS">
          <reporter-output>
          </reporter-output>
        </test-method> <!-- tearDown -->
      </class> <!-- testcases.HomePageLandingTest -->
    </test> <!-- Test -->
  </suite> <!-- Suite -->
</testng-results>
