<?xml version="1.0" encoding="UTF-8"?>
<testng-results ignored="0" total="1" passed="1" failed="0" skipped="0">
  <reporter-output>
  </reporter-output>
  <suite started-at="2019-04-28T04:48:02Z" name="Default suite" finished-at="2019-04-28T04:48:36Z" duration-ms="34269">
    <groups>
    </groups>
    <test started-at="2019-04-28T04:48:02Z" name="Default test" finished-at="2019-04-28T04:48:36Z" duration-ms="34269">
      <class name="headlessbrowser.VerifyTitleChromeOptions">
        <test-method signature="verifyFacbookTitle()[pri:0, instance:headlessbrowser.VerifyTitleChromeOptions@20f5239f]" started-at="2019-04-28T04:48:02Z" name="verifyFacbookTitle" finished-at="2019-04-28T04:48:36Z" duration-ms="34245" status="PASS">
          <reporter-output>
          </reporter-output>
        </test-method> <!-- verifyFacbookTitle -->
      </class> <!-- headlessbrowser.VerifyTitleChromeOptions -->
    </test> <!-- Default test -->
  </suite> <!-- Default suite -->
</testng-results>
